<?xml version="1.0" encoding="UTF-8"?>
<!-- Generated by org.testng.reporters.JUnitXMLReporter -->
<testsuite ignored="0" hostname="Suhails-MacDoo.local" failures="0" tests="3" name="Default test" time="1.073" errors="0" timestamp="2022-10-26T22:30:53 IST">
  <testcase classname="resources.ExcelDataUtils" name="getData" time="0.009"/>
  <testcase classname="resources.ExcelDataUtils" name="getData" time="0.001"/>
  <testcase classname="resources.ExcelDataUtils" name="getData" time="0.003"/>
</testsuite> <!-- Default test -->
