<?xml version="1.0" encoding="UTF-8"?>
<!-- Generated by org.testng.reporters.JUnitXMLReporter -->
<testsuite ignored="1" hostname="Suhails-MacDoo.local" failures="0" tests="1" name="ErrorValidationTests" time="18.709" errors="0" timestamp="2022-10-28T20:50:01 IST">
  <testcase classname="myApp.E_CommApp.Tests.InvalidLogin" name="invalidLoginTest" time="1.294"/>
  <testcase classname="myApp.E_CommApp.Tests.InvalidLogin" name="errorValidationOnProductsTest" time="0.0">
    <ignored/>
  </testcase> <!-- errorValidationOnProductsTest -->
</testsuite> <!-- ErrorValidationTests -->
