<?xml version="1.0" encoding="UTF-8"?>
<!-- Generated by org.testng.reporters.JUnitXMLReporter -->
<testsuite ignored="2" hostname="Suhails-MacDoo.local" failures="0" tests="0" time="0.023" errors="0" timestamp="2022-10-22T21:56:58 IST">
  <testcase classname="myApp.E_CommApp.Tests.AddProductToCart" name="addProductToCartTest" time="0.0">
    <ignored/>
  </testcase> <!-- addProductToCartTest -->
  <testcase classname="myApp.E_CommApp.Tests.AddProductToCart" name="orderHistoryTest" time="0.0">
    <ignored/>
  </testcase> <!-- orderHistoryTest -->
</testsuite>
