<?xml version="1.0" encoding="UTF-8"?>
<!-- Generated by org.testng.reporters.JUnitXMLReporter -->
<testsuite ignored="0" hostname="Suhails-MacDoo.local" failures="0" tests="2" name="ErrorValidationTests" time="34.765" errors="0" timestamp="2022-10-24T14:39:24 IST">
  <testcase classname="myApp.E_CommApp.Tests.InvalidLogin" name="errorValidationOnProductsTest" time="20.896"/>
  <testcase classname="myApp.E_CommApp.Tests.InvalidLogin" name="invalidLoginTest" time="1.877"/>
</testsuite> <!-- ErrorValidationTests -->
