<?xml version="1.0" encoding="UTF-8"?>
<testsuite xmlns:xsi="http://www.w3.org/2001/XMLSchema-instance" xsi:noNamespaceSchemaLocation="https://maven.apache.org/surefire/maven-surefire-plugin/xsd/surefire-test-report-3.0.xsd" version="3.0" name="TestSuite" time="64.664" tests="6" errors="0" skipped="0" failures="0">
  <properties>
[...]
</properties>
  <testcase name="addProductToCartTest[{password=Suhail@1, product=ZARA COAT 3, email=abdullasuhail21@gmail.com}](1)" classname="myApp.E_CommApp.Tests.AddProductToCart" time="13.333">
    <system-err><![CDATA[SLF4J: Failed to load class "org.slf4j.impl.StaticLoggerBinder".
SLF4J: Defaulting to no-operation (NOP) logger implementation
SLF4J: See http://www.slf4j.org/codes.html#StaticLoggerBinder for further details.
SSttaarrttiinngg  CChhrroommeeDDrriver 106iver 10.6.0.52049..651 2(45191.7651 5(35515184745955355c5d83e264779b4a4f905d5dcd33e8262471729ab4af0ddd03-8r2e1f2sa/4brandc0-hr-ehfesa/dbrs/a5n2c49h-head@s{/#556294}) on port 499@{#75690}4)
 Oonnl yp ort 53801
locOanlly l cononecctailo cnso are allnowed.n
ePlcease see https://chtiornos amreed railvleorw.ecdh.r
Polmiuema.soer gs/ese ehcturtpist:y/-c/choromnedsriivederations rfor. suggestioncshromium.org/secu rity-ocn onkseiedepriantgi oCnhsr ofmoerD rsivuer gsafge.e
stions on keeping ChromeDriver safe.
CChhrroommeeDDrriivveerr  wwaass  ssttaartedr tseudc cseuscscfeuslslfyu.l
ly.
Oct 24, 2022 2:38:52 PM org.openqa.selenium.remote.ProtocolHandshake createSession
INFO: Detected upstream dialect: W3C
Oct 24, 2022 2:38:52 PM org.openqa.selenium.remote.ProtocolHandshake createSession
INFO: Detected upstream dialect: W3C
Oct 24, 2022 2:38:52 PM org.openqa.selenium.devtools.CdpVersionFinder findNearestMatch
INFO: Found exact CDP implementation for version 106
Oct 24, 2022 2:38:52 PM org.openqa.selenium.devtools.CdpVersionFinder findNearestMatch
INFO: Found exact CDP implementation for version 106
]]></system-err>
  </testcase>
  <testcase name="addProductToCartTest[{password=Suhail@1, product=ADIDAS ORIGINAL, email=abdullasuhail21@gmail.com}](2)" classname="myApp.E_CommApp.Tests.AddProductToCart" time="7.453"/>
  <testcase name="orderHistoryTest[{password=Suhail@1, product=ZARA COAT 3, email=abdullasuhail21@gmail.com}](1)" classname="myApp.E_CommApp.Tests.AddProductToCart" time="4.828">
    <system-err><![CDATA[Starting ChromeDriver 106.0.5249.61 (511755355844955cd3e264779baf0dd38212a4d0-refs/branch-heads/5249@{#569}) on port 54950
Only local connections are allowed.
Please see https://chromedriver.chromium.org/security-considerations for suggestions on keeping ChromeDriver safe.
ChromeDriver was started successfully.
Oct 24, 2022 2:39:34 PM org.openqa.selenium.remote.ProtocolHandshake createSession
INFO: Detected upstream dialect: W3C
Oct 24, 2022 2:39:34 PM org.openqa.selenium.devtools.CdpVersionFinder findNearestMatch
INFO: Found exact CDP implementation for version 106
]]></system-err>
  </testcase>
  <testcase name="orderHistoryTest[{password=Suhail@1, product=ADIDAS ORIGINAL, email=abdullasuhail21@gmail.com}](2)" classname="myApp.E_CommApp.Tests.AddProductToCart" time="5.978">
    <system-err><![CDATA[Starting ChromeDriver 106.0.5249.61 (511755355844955cd3e264779baf0dd38212a4d0-refs/branch-heads/5249@{#569}) on port 61201
Only local connections are allowed.
Please see https://chromedriver.chromium.org/security-considerations for suggestions on keeping ChromeDriver safe.
ChromeDriver was started successfully.
Oct 24, 2022 2:39:43 PM org.openqa.selenium.remote.ProtocolHandshake createSession
INFO: Detected upstream dialect: W3C
Oct 24, 2022 2:39:43 PM org.openqa.selenium.devtools.CdpVersionFinder findNearestMatch
INFO: Found exact CDP implementation for version 106
]]></system-err>
  </testcase>
  <testcase name="errorValidationOnProductsTest" classname="myApp.E_CommApp.Tests.InvalidLogin" time="3.516">
    <system-err><![CDATA[Starting ChromeDriver 106.0.5249.61 (511755355844955cd3e264779baf0dd38212a4d0-refs/branch-heads/5249@{#569}) on port 60620
Only local connections are allowed.
Please see https://chromedriver.chromium.org/security-considerations for suggestions on keeping ChromeDriver safe.
ChromeDriver was started successfully.
Oct 24, 2022 2:39:10 PM org.openqa.selenium.remote.ProtocolHandshake createSession
INFO: Detected upstream dialect: W3C
Oct 24, 2022 2:39:10 PM org.openqa.selenium.devtools.CdpVersionFinder findNearestMatch
INFO: Found exact CDP implementation for version 106
]]></system-err>
  </testcase>
  <testcase name="invalidLoginTest" classname="myApp.E_CommApp.Tests.InvalidLogin" time="1.879">
    <system-err><![CDATA[Starting ChromeDriver 106.0.5249.61 (511755355844955cd3e264779baf0dd38212a4d0-refs/branch-heads/5249@{#569}) on port 56934
Only local connections are allowed.
Please see https://chromedriver.chromium.org/security-considerations for suggestions on keeping ChromeDriver safe.
ChromeDriver was started successfully.
Oct 24, 2022 2:39:18 PM org.openqa.selenium.remote.ProtocolHandshake createSession
INFO: Detected upstream dialect: W3C
Oct 24, 2022 2:39:18 PM org.openqa.selenium.devtools.CdpVersionFinder findNearestMatch
INFO: Found exact CDP implementation for version 106
]]></system-err>
  </testcase>
</testsuite>