<?xml version="1.0" encoding="UTF-8"?>
<testng-results ignored="3" total="4" passed="1" failed="0" skipped="0">
  <reporter-output>
  </reporter-output>
  <suite started-at="2022-10-28T20:49:42 IST" name="Suite" finished-at="2022-10-28T20:50:01 IST" duration-ms="18709">
    <groups>
      <group name="errorhandling">
        <method signature="InvalidLogin.invalidLoginTest()[pri:0, instance:myApp.E_CommApp.Tests.InvalidLogin@79517588]" name="invalidLoginTest" class="myApp.E_CommApp.Tests.InvalidLogin"/>
      </group> <!-- errorhandling -->
    </groups>
    <test started-at="2022-10-28T20:49:42 IST" name="FunctionalTests" finished-at="2022-10-28T20:49:42 IST" duration-ms="28">
    </test> <!-- FunctionalTests -->
    <test started-at="2022-10-28T20:49:42 IST" name="ErrorValidationTests" finished-at="2022-10-28T20:50:01 IST" duration-ms="18709">
      <class name="myApp.E_CommApp.Tests.InvalidLogin">
        <test-method is-config="true" signature="launchApplication()[pri:0, instance:myApp.E_CommApp.Tests.InvalidLogin@79517588]" started-at="2022-10-28T20:49:42 IST" name="launchApplication" finished-at="2022-10-28T20:49:59 IST" duration-ms="17211" status="PASS">
          <reporter-output>
          </reporter-output>
        </test-method> <!-- launchApplication -->
        <test-method signature="invalidLoginTest()[pri:0, instance:myApp.E_CommApp.Tests.InvalidLogin@79517588]" started-at="2022-10-28T20:49:59 IST" name="invalidLoginTest" finished-at="2022-10-28T20:50:00 IST" duration-ms="1294" status="PASS">
          <reporter-output>
          </reporter-output>
        </test-method> <!-- invalidLoginTest -->
        <test-method is-config="true" signature="tearDown()[pri:0, instance:myApp.E_CommApp.Tests.InvalidLogin@79517588]" started-at="2022-10-28T20:50:00 IST" name="tearDown" finished-at="2022-10-28T20:50:01 IST" duration-ms="114" status="PASS">
          <reporter-output>
          </reporter-output>
        </test-method> <!-- tearDown -->
      </class> <!-- myApp.E_CommApp.Tests.InvalidLogin -->
    </test> <!-- ErrorValidationTests -->
  </suite> <!-- Suite -->
</testng-results>
