<?xml version="1.0" encoding="UTF-8"?>
<testng-results ignored="0" total="3" passed="3" failed="0" skipped="0">
  <reporter-output>
  </reporter-output>
  <suite started-at="2022-10-26T22:30:52 IST" name="Default suite" finished-at="2022-10-26T22:30:53 IST" duration-ms="1073">
    <groups>
    </groups>
    <test started-at="2022-10-26T22:30:52 IST" name="Default test" finished-at="2022-10-26T22:30:53 IST" duration-ms="1073">
      <class name="resources.ExcelDataUtils">
        <test-method signature="getData(java.util.List)[pri:0, instance:resources.ExcelDataUtils@537f60bf]" started-at="2022-10-26T22:30:53 IST" name="getData" data-provider="dataProv" finished-at="2022-10-26T22:30:53 IST" duration-ms="9" status="PASS">
          <params>
            <param index="0">
              <value>
                <![CDATA[[reg1, reg2, reg3]]]>
              </value>
            </param>
          </params>
          <reporter-output>
          </reporter-output>
        </test-method> <!-- getData -->
        <test-method signature="getData(java.util.List)[pri:0, instance:resources.ExcelDataUtils@537f60bf]" started-at="2022-10-26T22:30:53 IST" name="getData" data-provider="dataProv" finished-at="2022-10-26T22:30:53 IST" duration-ms="1" status="PASS">
          <params>
            <param index="0">
              <value>
                <![CDATA[[pur1, pur2, pur3]]]>
              </value>
            </param>
          </params>
          <reporter-output>
          </reporter-output>
        </test-method> <!-- getData -->
        <test-method signature="getData(java.util.List)[pri:0, instance:resources.ExcelDataUtils@537f60bf]" started-at="2022-10-26T22:30:53 IST" name="getData" data-provider="dataProv" finished-at="2022-10-26T22:30:53 IST" duration-ms="3" status="PASS">
          <params>
            <param index="0">
              <value>
                <![CDATA[[err1, err2, err3]]]>
              </value>
            </param>
          </params>
          <reporter-output>
          </reporter-output>
        </test-method> <!-- getData -->
      </class> <!-- resources.ExcelDataUtils -->
    </test> <!-- Default test -->
  </suite> <!-- Default suite -->
</testng-results>
